#
# A fatal error has been detected by the Java Runtime Environment:
#
#  EXCEPTION_ACCESS_VIOLATION (0xc0000005) at pc=0x00007ffdcd541b85, pid=22824, tid=23604
#
# JRE version:  (17.0.12+8) (build )
# Java VM: Java HotSpot(TM) 64-Bit Server VM (17.0.12+8-LTS-286, mixed mode, sharing, tiered, unknown gc, windows-amd64)
# Problematic frame:
# C  [jimage.dll+0x1b85]
#
# No core dump will be written. Minidumps are not enabled by default on client versions of Windows
#
#

---------------  S U M M A R Y ------------

Command Line: 

Host: 11th Gen Intel(R) Core(TM) i7-1195G7 @ 2.90GHz, 8 cores, 15G,  Windows 11 , 64 bit Build 26100 (10.0.26100.3037)
Time: Mon Feb 17 22:09:43 2025 India Standard Time elapsed time: 0.017413 seconds (0d 0h 0m 0s)

---------------  T H R E A D  ---------------

Current thread is native thread

Stack: [0x000000667b300000,0x000000667b400000],  sp=0x000000667b3fdd40,  free space=1015k
Native frames: (J=compiled Java code, j=interpreted, Vv=VM code, C=native code)
C  [jimage.dll+0x1b85]


siginfo: EXCEPTION_ACCESS_VIOLATION (0xc0000005), reading address 0x000000000000108c


Registers:
RAX=0x000000000000041c, RBX=0x000000667b3fde31, RCX=0x00007ffdcd546000, RDX=0x000000000000041c
RSP=0x000000667b3fdd40, RBP=0x000000667b3fde30, RSI=0x0000000000007208, RDI=0x000000667b3fde30
R8 =0x00007ffdcd544298, R9 =0x000000000000001c, R10=0x00007ffdd6750000, R11=0x00007ffdcd546000
R12=0x0000000000000000, R13=0x0000017d63c8fee0, R14=0x000000667b3feea0, R15=0x00007ffd3c14d348
RIP=0x00007ffdcd541b85, EFLAGS=0x0000000000010246


Top of Stack: (sp=0x000000667b3fdd40)
0x000000667b3fdd40:   000000667b3fdec8 000000667b3fe208
0x000000667b3fdd50:   0000000000000000 0000000000000001
0x000000667b3fdd60:   0000017d63c90110 00007ffdcd541d13
0x000000667b3fdd70:   000000000000000b 0000017d63c90110
0x000000667b3fdd80:   0000017d63c8aa60 0000000000000000
0x000000667b3fdd90:   0000000000000000 0000000000000000
0x000000667b3fdda0:   0000000000000000 0000000000000000
0x000000667b3fddb0:   0000002900000000 0000017d63c80150
0x000000667b3fddc0:   0000017d63c8ac00 0000000000000000
0x000000667b3fddd0:   0000cfbc06c7c31f 0000000000000000
0x000000667b3fdde0:   00007ffd3c12bef0 0000000000000017
0x000000667b3fddf0:   0000017d63c90110 000000667b3feea0
0x000000667b3fde00:   000000000000000b 00007ffdcd5425d9
0x000000667b3fde10:   0000000000000000 0000000000000000
0x000000667b3fde20:   0000017d63ca6d90 0000000000000000
0x000000667b3fde30:   61622e6176616a2f 692f6b646a2f6573 

Instructions: (pc=0x00007ffdcd541b85)
0x00007ffdcd541a85:   48 85 c9 74 1d 80 3d 7f 45 00 00 00 74 06 48 8b
0x00007ffdcd541a95:   53 18 eb 04 48 8b 53 40 e8 96 0e 00 00 48 83 63
0x00007ffdcd541aa5:   48 00 8b 4b 0c 83 f9 ff 74 09 e8 cc 0c 00 00 83
0x00007ffdcd541ab5:   4b 0c ff 48 8b 4b 70 48 85 c9 74 0f ba 10 00 00
0x00007ffdcd541ac5:   00 e8 ed 0e 00 00 48 83 63 70 00 48 83 c4 20 5b
0x00007ffdcd541ad5:   c3 cc cc 40 53 48 83 ec 20 48 8b d9 48 8d 0d 38
0x00007ffdcd541ae5:   47 00 00 e8 9b 0c 00 00 83 6b 08 01 75 24 48 8b
0x00007ffdcd541af5:   d3 48 8d 0d 1b 45 00 00 e8 22 08 00 00 48 8b cb
0x00007ffdcd541b05:   e8 d6 fe ff ff ba 78 00 00 00 48 8b cb e8 a1 0e
0x00007ffdcd541b15:   00 00 48 8d 0d 02 47 00 00 48 83 c4 20 5b e9 68
0x00007ffdcd541b25:   0c 00 00 48 89 5c 24 08 48 89 74 24 10 57 48 83
0x00007ffdcd541b35:   ec 20 41 8b f1 4d 8b c8 48 8b fa 4c 8b d9 4d 85
0x00007ffdcd541b45:   c0 74 78 85 f6 74 74 44 8a 12 48 8d 5a 01 48 8b
0x00007ffdcd541b55:   d3 b8 93 01 00 01 eb 12 69 c0 93 01 00 01 41 0f
0x00007ffdcd541b65:   b6 ca 44 8a 12 33 c1 48 ff c2 45 84 d2 75 e9 4d
0x00007ffdcd541b75:   8b 03 0f ba f0 1f 33 d2 49 8b cb f7 f6 48 63 c2
0x00007ffdcd541b85:   41 8b 14 81 41 ff 50 08 85 c0 7e 24 8a 0f eb 10
0x00007ffdcd541b95:   69 c0 93 01 00 01 0f b6 c9 33 c1 8a 0b 48 ff c3
0x00007ffdcd541ba5:   84 c9 75 ec 0f ba f0 1f 33 d2 f7 f6 8b c2 eb 0e
0x00007ffdcd541bb5:   79 09 83 c9 ff 2b c8 8b c1 eb 03 83 c8 ff 48 8b
0x00007ffdcd541bc5:   5c 24 30 48 8b 74 24 38 48 83 c4 20 5f c3 cc 48
0x00007ffdcd541bd5:   89 5c 24 08 48 89 74 24 10 57 48 83 ec 20 48 8b
0x00007ffdcd541be5:   f1 48 8d 0d 33 46 00 00 e8 96 0b 00 00 33 ff 39
0x00007ffdcd541bf5:   3d 1e 44 00 00 76 24 48 8b 05 1d 44 00 00 48 8b
0x00007ffdcd541c05:   d6 48 8b 1c f8 48 8b 0b e8 68 1e 00 00 85 c0 74
0x00007ffdcd541c15:   2b ff c7 3b 3d fa 43 00 00 72 dc 33 db 48 8d 0d
0x00007ffdcd541c25:   f7 45 00 00 e8 62 0b 00 00 48 8b 74 24 38 48 8b
0x00007ffdcd541c35:   c3 48 8b 5c 24 30 48 83 c4 20 5f c3 ff 43 08 eb
0x00007ffdcd541c45:   dc cc cc 48 89 5c 24 08 48 89 74 24 10 57 48 83
0x00007ffdcd541c55:   ec 20 48 8b d9 48 8b f2 48 8b 49 10 49 8b f8 8b
0x00007ffdcd541c65:   53 30 48 8b 01 ff 50 20 4c 8b 43 50 48 8b d6 48
0x00007ffdcd541c75:   8b 4b 10 44 8b c8 e8 a8 fe ff ff 83 f8 ff 74 38 



---------------  P R O C E S S  ---------------

VM state: not at safepoint (not fully initialized)

VM Mutex/Monitor currently owned by a thread: None

GC Precious Log:
<Not initialized>


Dynamic libraries:
0x00007ff70cdc0000 - 0x00007ff70cdd0000 	C:\Program Files\Java\jdk-17\bin\java.exe
0x00007ffddeaa0000 - 0x00007ffdded03000 	C:\WINDOWS\SYSTEM32\ntdll.dll
0x00007ffddde30000 - 0x00007ffdddef7000 	C:\WINDOWS\System32\KERNEL32.DLL
0x00007ffddbf20000 - 0x00007ffddc2e7000 	C:\WINDOWS\System32\KERNELBASE.dll
0x00007ffddc2f0000 - 0x00007ffddc43c000 	C:\WINDOWS\System32\ucrtbase.dll
0x00007ffdd6770000 - 0x00007ffdd6789000 	C:\Program Files\Java\jdk-17\bin\jli.dll
0x00007ffdd6750000 - 0x00007ffdd676b000 	C:\Program Files\Java\jdk-17\bin\VCRUNTIME140.dll
0x00007ffdde3b0000 - 0x00007ffdde464000 	C:\WINDOWS\System32\ADVAPI32.dll
0x00007ffdde880000 - 0x00007ffdde929000 	C:\WINDOWS\System32\msvcrt.dll
0x00007ffddcb30000 - 0x00007ffddcbd6000 	C:\WINDOWS\System32\sechost.dll
0x00007ffdde0d0000 - 0x00007ffdde1e6000 	C:\WINDOWS\System32\RPCRT4.dll
0x00007ffddd4b0000 - 0x00007ffddd679000 	C:\WINDOWS\System32\USER32.dll
0x00007ffddbef0000 - 0x00007ffddbf17000 	C:\WINDOWS\System32\win32u.dll
0x00007ffdde1f0000 - 0x00007ffdde21a000 	C:\WINDOWS\System32\GDI32.dll
0x00007ffdb6c80000 - 0x00007ffdb6f10000 	C:\WINDOWS\WinSxS\amd64_microsoft.windows.common-controls_6595b64144ccf1df_6.0.26100.3037_none_3e09262ce333c378\COMCTL32.dll
0x00007ffddc570000 - 0x00007ffddc69b000 	C:\WINDOWS\System32\gdi32full.dll
0x00007ffddbe40000 - 0x00007ffddbee3000 	C:\WINDOWS\System32\msvcp_win.dll
0x00007ffdca240000 - 0x00007ffdca24b000 	C:\WINDOWS\SYSTEM32\VERSION.dll
0x00007ffddd450000 - 0x00007ffddd47f000 	C:\WINDOWS\System32\IMM32.DLL
0x00007ffdcd550000 - 0x00007ffdcd55c000 	C:\Program Files\Java\jdk-17\bin\vcruntime140_1.dll
0x00007ffdb1d10000 - 0x00007ffdb1d9e000 	C:\Program Files\Java\jdk-17\bin\msvcp140.dll
0x00007ffd3b870000 - 0x00007ffd3c450000 	C:\Program Files\Java\jdk-17\bin\server\jvm.dll
0x00007ffdde9b0000 - 0x00007ffdde9b8000 	C:\WINDOWS\System32\PSAPI.DLL
0x00007ffdbf550000 - 0x00007ffdbf55a000 	C:\WINDOWS\SYSTEM32\WSOCK32.dll
0x00007ffddddb0000 - 0x00007ffddde24000 	C:\WINDOWS\System32\WS2_32.dll
0x00007ffdd35f0000 - 0x00007ffdd3626000 	C:\WINDOWS\SYSTEM32\WINMM.dll
0x00007ffddac30000 - 0x00007ffddac4a000 	C:\WINDOWS\SYSTEM32\kernel.appcore.dll
0x00007ffdcd540000 - 0x00007ffdcd54a000 	C:\Program Files\Java\jdk-17\bin\jimage.dll
0x00007ffdd95a0000 - 0x00007ffdd97e1000 	C:\WINDOWS\SYSTEM32\DBGHELP.DLL
0x00007ffdde470000 - 0x00007ffdde7ee000 	C:\WINDOWS\System32\combase.dll
0x00007ffdde220000 - 0x00007ffdde2f6000 	C:\WINDOWS\System32\OLEAUT32.dll
0x00007ffdcaa10000 - 0x00007ffdcaa49000 	C:\WINDOWS\SYSTEM32\dbgcore.DLL
0x00007ffddc4d0000 - 0x00007ffddc569000 	C:\WINDOWS\System32\bcryptPrimitives.dll

dbghelp: loaded successfully - version: 4.0.5 - missing functions: none
symbol engine: initialization error.

VM Arguments:
java_command: <unknown>
java_class_path (initial): <not set>
Launcher Type: SUN_STANDARD

[Global flags]
     bool UseLargePagesIndividualAllocation        = false                                  {pd product} {ergonomic}

Logging:
Log output configuration:
 #0: stdout all=warning uptime,level,tags
 #1: stderr all=off uptime,level,tags

Environment Variables:
JAVA_HOME=C:\Program Files\Java\jdk-17
PATH=C:\Program Files\Common Files\Oracle\Java\javapath;C:\Program Files (x86)\Common Files\Oracle\Java\java8path;C:\Program Files (x86)\Common Files\Oracle\Java\javapath;C:\Program Files\Microsoft SDKs\Azure\CLI2\wbin;C:\WINDOWS\system32;C:\WINDOWS;C:\WINDOWS\System32\Wbem;C:\WINDOWS\System32\WindowsPowerShell\v1.0\;C:\WINDOWS\System32\OpenSSH\;C:\Program Files\Git\cmd;C:\Program Files\nodejs\;C:\Program Files\Docker\Docker\resources\bin;C:\Users\conta\AppData\Roaming\npm;C:\ProgramData\chocolatey\bin;C:\Program Files (x86)\Java\jre1.8.0_431\bin;C:\Program Files\Microsoft SQL Server\150\Tools\Binn\;C:\Program Files\RedHat\Podman\;C:\sonar-scanner\bin;C:\Program Files\Apache\Maven\bin;C:\Program Files\Java\jdk-17\bin;C:\Program Files\Java\jdk-17\bin;C:\Users\conta\AppData\Local\Programs\Python\Python312\Scripts\;C:\Users\conta\AppData\Local\Programs\Python\Python312\;C:\Users\conta\AppData\Local\Programs\Python\Launcher\;C:\Program Files\Common Files\Oracle\Java\javapath;C:\Program Files (x86)\Common Files\Oracle\Java\java8path;C:\Program Files (x86)\Common Files\Oracle\Java\javapath;C:\Program Files\Microsoft SDKs\Azure\CLI2\wbin;C:\WINDOWS\system32;C:\WINDOWS;C:\WINDOWS\System32\Wbem;C:\WINDOWS\System32\WindowsPowerShell\v1.0\;C:\WINDOWS\System32\OpenSSH\;C:\Program Files\Git\cmd;C:\Program Files\nodejs\;C:\Program Files\Docker\Docker\resources\bin;C:\Users\conta\AppData\Roaming\npm;C:\ProgramData\chocolatey\bin;C:\Program Files (x86)\Java\jre1.8.0_431\bin;C:\Program Files\Microsoft SQL Server\150\Tools\Binn\;C:\Program Files\RedHat\Podman\;C:\sonar-scanner\bin;C:\Program Files\Apache\Maven\bin;C:\Program Files\Java\jdk-17\bin;C:\Program Files\Java\jdk-17\bin;;C:\Ruby33-x64\bin;C:\Users\conta\AppData\Local\Programs\Microsoft VS Code\bin;C:\Users\conta\AppData\Local\GitHubDesktop\bin;C:\Program Files\OpenSSL-Win64\bin;C:\Users\conta\AppData\Local\Microsoft\WindowsApps;C:\sonar-scanner\bin;C:\Program Files\Apache\Maven\bin;C:\Program Files\Java\jdk-17\bin;;C:\Users\con
USERNAME=yatharth
OS=Windows_NT
PROCESSOR_IDENTIFIER=Intel64 Family 6 Model 140 Stepping 2, GenuineIntel



---------------  S Y S T E M  ---------------

OS:
 Windows 11 , 64 bit Build 26100 (10.0.26100.3037)
OS uptime: 0 days 7:06 hours

CPU: total 8 (initial active 0) 

Memory: 4k page, system-wide physical 16122M (1551M free)
TotalPageFile size 21716M (AvailPageFile size 0M)
current process WorkingSet (physical memory assigned to process): 8M, peak: 8M
current process commit charge ("private bytes"): 2M, peak: 2M

vm_info: Java HotSpot(TM) 64-Bit Server VM (17.0.12+8-LTS-286) for windows-amd64 JRE (17.0.12+8-LTS-286), built on Jun  5 2024 06:46:59 by "mach5one" with MS VC++ 17.6 (VS2022)

END.
