#
# There is insufficient memory for the Java Runtime Environment to continue.
# Native memory allocation (mmap) failed to map 264241152 bytes for G1 virtual space
# Possible reasons:
#   The system is out of physical RAM or swap space
#   The process is running with CompressedOops enabled, and the Java Heap may be blocking the growth of the native heap
# Possible solutions:
#   Reduce memory load on the system
#   Increase physical memory or swap space
#   Check if swap backing store is full
#   Decrease Java heap size (-Xmx/-Xms)
#   Decrease number of Java threads
#   Decrease Java thread stack sizes (-Xss)
#   Set larger code cache with -XX:ReservedCodeCacheSize=
#   JVM is running with Zero Based Compressed Oops mode in which the Java heap is
#     placed in the first 32GB address space. The Java Heap base address is the
#     maximum limit for the native heap growth. Please use -XX:HeapBaseMinAddress
#     to set the Java Heap base and to place the Java Heap above 32GB virtual address.
# This output file may be truncated or incomplete.
#
#  Out of Memory Error (os_windows.cpp:3548), pid=13696, tid=14800
#
# JRE version:  (17.0.12+8) (build )
# Java VM: Java HotSpot(TM) 64-Bit Server VM (17.0.12+8-LTS-286, mixed mode, sharing, tiered, compressed oops, compressed class ptrs, g1 gc, windows-amd64)
# No core dump will be written. Minidumps are not enabled by default on client versions of Windows
#

---------------  S U M M A R Y ------------

Command Line: c:\Users\conta\.vscode\extensions\salesforce.salesforce-vscode-slds-2.0.12\lsp-2.0.12-executable.jar --PORT=54693

Host: 11th Gen Intel(R) Core(TM) i7-1195G7 @ 2.90GHz, 8 cores, 15G,  Windows 11 , 64 bit Build 26100 (10.0.26100.3037)
Time: Mon Feb 17 22:10:29 2025 India Standard Time elapsed time: 0.019200 seconds (0d 0h 0m 0s)

---------------  T H R E A D  ---------------

Current thread (0x000001c1cf5e0690):  JavaThread "Unknown thread" [_thread_in_vm, id=14800, stack(0x0000000100600000,0x0000000100700000)]

Stack: [0x0000000100600000,0x0000000100700000]
Native frames: (J=compiled Java code, j=interpreted, Vv=VM code, C=native code)
V  [jvm.dll+0x67a04a]
V  [jvm.dll+0x7da4ed]
V  [jvm.dll+0x7dbe33]
V  [jvm.dll+0x7dc4a3]
V  [jvm.dll+0x24508f]
V  [jvm.dll+0x677089]
V  [jvm.dll+0x66bd32]
V  [jvm.dll+0x301fa6]
V  [jvm.dll+0x309546]
V  [jvm.dll+0x359d2e]
V  [jvm.dll+0x359f5f]
V  [jvm.dll+0x2d9078]
V  [jvm.dll+0x2d9fe4]
V  [jvm.dll+0x7aca21]
V  [jvm.dll+0x367591]
V  [jvm.dll+0x78b999]
V  [jvm.dll+0x3ec83f]
V  [jvm.dll+0x3ee471]
C  [jli.dll+0x5297]
C  [ucrtbase.dll+0x37b0]
C  [KERNEL32.DLL+0x2e8d7]
C  [ntdll.dll+0xbbf2c]


---------------  P R O C E S S  ---------------

Threads class SMR info:
_java_thread_list=0x00007ffd3c327a18, length=0, elements={
}

Java Threads: ( => current thread )

Other Threads:
  0x000001c1cf64e600 GCTaskThread "GC Thread#0" [stack: 0x0000000100700000,0x0000000100800000] [id=12164]
  0x000001c1cf65f060 ConcurrentGCThread "G1 Main Marker" [stack: 0x0000000100800000,0x0000000100900000] [id=23196]
  0x000001c1cf65f980 ConcurrentGCThread "G1 Conc#0" [stack: 0x0000000100900000,0x0000000100a00000] [id=19564]

[error occurred during error reporting (printing all threads), id 0xc0000005, EXCEPTION_ACCESS_VIOLATION (0xc0000005) at pc=0x00007ffd3bb59b67]

VM state: not at safepoint (not fully initialized)

VM Mutex/Monitor currently owned by a thread:  ([mutex/lock_event])
[0x000001c1cf5dd4d0] Heap_lock - owner thread: 0x000001c1cf5e0690

Heap address: 0x0000000704000000, size: 4032 MB, Compressed Oops mode: Zero based, Oop shift amount: 3

CDS archive(s) mapped at: [0x0000000000000000-0x0000000000000000-0x0000000000000000), size 0, SharedBaseAddress: 0x0000000800000000, ArchiveRelocationMode: 1.
Narrow klass base: 0x0000000000000000, Narrow klass shift: 0, Narrow klass range: 0x0

GC Precious Log:
<Empty>

Heap:
 garbage-first heap   total 0K, used 0K [0x0000000704000000, 0x0000000800000000)
  region size 2048K, 0 young (0K), 0 survivors (0K)

[error occurred during error reporting (printing heap information), id 0xc0000005, EXCEPTION_ACCESS_VIOLATION (0xc0000005) at pc=0x00007ffd3bf43859]

GC Heap History (0 events):
No events

Deoptimization events (0 events):
No events

Classes unloaded (0 events):
No events

Classes redefined (0 events):
No events

Internal exceptions (0 events):
No events

VM Operations (0 events):
No events

Events (1 events):
Event: 0.012 Loaded shared library C:\Program Files\Java\jdk-17\bin\java.dll


Dynamic libraries:
0x00007ff70cdc0000 - 0x00007ff70cdd0000 	C:\Program Files\Java\jdk-17\bin\java.exe
0x00007ffddeaa0000 - 0x00007ffdded03000 	C:\WINDOWS\SYSTEM32\ntdll.dll
0x00007ffddde30000 - 0x00007ffdddef7000 	C:\WINDOWS\System32\KERNEL32.DLL
0x00007ffddbf20000 - 0x00007ffddc2e7000 	C:\WINDOWS\System32\KERNELBASE.dll
0x00007ffddc2f0000 - 0x00007ffddc43c000 	C:\WINDOWS\System32\ucrtbase.dll
0x00007ffdd6750000 - 0x00007ffdd676b000 	C:\Program Files\Java\jdk-17\bin\VCRUNTIME140.dll
0x00007ffdd6770000 - 0x00007ffdd6789000 	C:\Program Files\Java\jdk-17\bin\jli.dll
0x00007ffdde3b0000 - 0x00007ffdde464000 	C:\WINDOWS\System32\ADVAPI32.dll
0x00007ffdde880000 - 0x00007ffdde929000 	C:\WINDOWS\System32\msvcrt.dll
0x00007ffddcb30000 - 0x00007ffddcbd6000 	C:\WINDOWS\System32\sechost.dll
0x00007ffdde0d0000 - 0x00007ffdde1e6000 	C:\WINDOWS\System32\RPCRT4.dll
0x00007ffddd4b0000 - 0x00007ffddd679000 	C:\WINDOWS\System32\USER32.dll
0x00007ffdb6c80000 - 0x00007ffdb6f10000 	C:\WINDOWS\WinSxS\amd64_microsoft.windows.common-controls_6595b64144ccf1df_6.0.26100.3037_none_3e09262ce333c378\COMCTL32.dll
0x00007ffddbef0000 - 0x00007ffddbf17000 	C:\WINDOWS\System32\win32u.dll
0x00007ffdde1f0000 - 0x00007ffdde21a000 	C:\WINDOWS\System32\GDI32.dll
0x00007ffddc570000 - 0x00007ffddc69b000 	C:\WINDOWS\System32\gdi32full.dll
0x00007ffddbe40000 - 0x00007ffddbee3000 	C:\WINDOWS\System32\msvcp_win.dll
0x00007ffdca240000 - 0x00007ffdca24b000 	C:\WINDOWS\SYSTEM32\VERSION.dll
0x00007ffddd450000 - 0x00007ffddd47f000 	C:\WINDOWS\System32\IMM32.DLL
0x00007ffdcd550000 - 0x00007ffdcd55c000 	C:\Program Files\Java\jdk-17\bin\vcruntime140_1.dll
0x00007ffdb1d10000 - 0x00007ffdb1d9e000 	C:\Program Files\Java\jdk-17\bin\msvcp140.dll
0x00007ffd3b870000 - 0x00007ffd3c450000 	C:\Program Files\Java\jdk-17\bin\server\jvm.dll
0x00007ffdde9b0000 - 0x00007ffdde9b8000 	C:\WINDOWS\System32\PSAPI.DLL
0x00007ffdbf550000 - 0x00007ffdbf55a000 	C:\WINDOWS\SYSTEM32\WSOCK32.dll
0x00007ffdd35f0000 - 0x00007ffdd3626000 	C:\WINDOWS\SYSTEM32\WINMM.dll
0x00007ffddddb0000 - 0x00007ffddde24000 	C:\WINDOWS\System32\WS2_32.dll
0x00007ffddac30000 - 0x00007ffddac4a000 	C:\WINDOWS\SYSTEM32\kernel.appcore.dll
0x00007ffdcd540000 - 0x00007ffdcd54a000 	C:\Program Files\Java\jdk-17\bin\jimage.dll
0x00007ffdd95a0000 - 0x00007ffdd97e1000 	C:\WINDOWS\SYSTEM32\DBGHELP.DLL
0x00007ffdde470000 - 0x00007ffdde7ee000 	C:\WINDOWS\System32\combase.dll
0x00007ffdde220000 - 0x00007ffdde2f6000 	C:\WINDOWS\System32\OLEAUT32.dll
0x00007ffdcaa10000 - 0x00007ffdcaa49000 	C:\WINDOWS\SYSTEM32\dbgcore.DLL
0x00007ffddc4d0000 - 0x00007ffddc569000 	C:\WINDOWS\System32\bcryptPrimitives.dll
0x00007ffdb2e80000 - 0x00007ffdb2ea5000 	C:\Program Files\Java\jdk-17\bin\java.dll

dbghelp: loaded successfully - version: 4.0.5 - missing functions: none
symbol engine: initialized successfully - sym options: 0x614 - pdb path: .;C:\Program Files\Java\jdk-17\bin;C:\WINDOWS\SYSTEM32;C:\WINDOWS\WinSxS\amd64_microsoft.windows.common-controls_6595b64144ccf1df_6.0.26100.3037_none_3e09262ce333c378;C:\Program Files\Java\jdk-17\bin\server

VM Arguments:
java_command: c:\Users\conta\.vscode\extensions\salesforce.salesforce-vscode-slds-2.0.12\lsp-2.0.12-executable.jar --PORT=54693
java_class_path (initial): c:\Users\conta\.vscode\extensions\salesforce.salesforce-vscode-slds-2.0.12\lsp-2.0.12-executable.jar
Launcher Type: SUN_STANDARD

[Global flags]
     intx CICompilerCount                          = 4                                         {product} {ergonomic}
     uint ConcGCThreads                            = 2                                         {product} {ergonomic}
     uint G1ConcRefinementThreads                  = 8                                         {product} {ergonomic}
   size_t G1HeapRegionSize                         = 2097152                                   {product} {ergonomic}
    uintx GCDrainStackTargetSize                   = 64                                        {product} {ergonomic}
   size_t InitialHeapSize                          = 264241152                                 {product} {ergonomic}
   size_t MarkStackSize                            = 4194304                                   {product} {ergonomic}
   size_t MaxHeapSize                              = 4227858432                                {product} {ergonomic}
   size_t MinHeapDeltaBytes                        = 2097152                                   {product} {ergonomic}
   size_t MinHeapSize                              = 8388608                                   {product} {ergonomic}
    uintx NonNMethodCodeHeapSize                   = 5839372                                {pd product} {ergonomic}
    uintx NonProfiledCodeHeapSize                  = 122909434                              {pd product} {ergonomic}
    uintx ProfiledCodeHeapSize                     = 122909434                              {pd product} {ergonomic}
    uintx ReservedCodeCacheSize                    = 251658240                              {pd product} {ergonomic}
     bool SegmentedCodeCache                       = true                                      {product} {ergonomic}
   size_t SoftMaxHeapSize                          = 4227858432                             {manageable} {ergonomic}
     bool UseCompressedClassPointers               = true                           {product lp64_product} {ergonomic}
     bool UseCompressedOops                        = true                           {product lp64_product} {ergonomic}
     bool UseG1GC                                  = true                                      {product} {ergonomic}
     bool UseLargePagesIndividualAllocation        = false                                  {pd product} {ergonomic}

Logging:
Log output configuration:
 #0: stdout all=warning uptime,level,tags
 #1: stderr all=off uptime,level,tags

Environment Variables:
JAVA_HOME=C:\Program Files\Java\jdk-17
PATH=C:\Program Files\Common Files\Oracle\Java\javapath;C:\Program Files (x86)\Common Files\Oracle\Java\java8path;C:\Program Files (x86)\Common Files\Oracle\Java\javapath;C:\Program Files\Microsoft SDKs\Azure\CLI2\wbin;C:\WINDOWS\system32;C:\WINDOWS;C:\WINDOWS\System32\Wbem;C:\WINDOWS\System32\WindowsPowerShell\v1.0\;C:\WINDOWS\System32\OpenSSH\;C:\Program Files\Git\cmd;C:\Program Files\nodejs\;C:\Program Files\Docker\Docker\resources\bin;C:\Users\conta\AppData\Roaming\npm;C:\ProgramData\chocolatey\bin;C:\Program Files (x86)\Java\jre1.8.0_431\bin;C:\Program Files\Microsoft SQL Server\150\Tools\Binn\;C:\Program Files\RedHat\Podman\;C:\sonar-scanner\bin;C:\Program Files\Apache\Maven\bin;C:\Program Files\Java\jdk-17\bin;C:\Program Files\Java\jdk-17\bin;C:\Users\conta\AppData\Local\Programs\Python\Python312\Scripts\;C:\Users\conta\AppData\Local\Programs\Python\Python312\;C:\Users\conta\AppData\Local\Programs\Python\Launcher\;C:\Program Files\Common Files\Oracle\Java\javapath;C:\Program Files (x86)\Common Files\Oracle\Java\java8path;C:\Program Files (x86)\Common Files\Oracle\Java\javapath;C:\Program Files\Microsoft SDKs\Azure\CLI2\wbin;C:\WINDOWS\system32;C:\WINDOWS;C:\WINDOWS\System32\Wbem;C:\WINDOWS\System32\WindowsPowerShell\v1.0\;C:\WINDOWS\System32\OpenSSH\;C:\Program Files\Git\cmd;C:\Program Files\nodejs\;C:\Program Files\Docker\Docker\resources\bin;C:\Users\conta\AppData\Roaming\npm;C:\ProgramData\chocolatey\bin;C:\Program Files (x86)\Java\jre1.8.0_431\bin;C:\Program Files\Microsoft SQL Server\150\Tools\Binn\;C:\Program Files\RedHat\Podman\;C:\sonar-scanner\bin;C:\Program Files\Apache\Maven\bin;C:\Program Files\Java\jdk-17\bin;C:\Program Files\Java\jdk-17\bin;;C:\Ruby33-x64\bin;C:\Users\conta\AppData\Local\Programs\Microsoft VS Code\bin;C:\Users\conta\AppData\Local\GitHubDesktop\bin;C:\Program Files\OpenSSL-Win64\bin;C:\Users\conta\AppData\Local\Microsoft\WindowsApps;C:\sonar-scanner\bin;C:\Program Files\Apache\Maven\bin;C:\Program Files\Java\jdk-17\bin;;C:\Users\con
USERNAME=yatharth
OS=Windows_NT
PROCESSOR_IDENTIFIER=Intel64 Family 6 Model 140 Stepping 2, GenuineIntel



---------------  S Y S T E M  ---------------

OS:
 Windows 11 , 64 bit Build 26100 (10.0.26100.3037)
OS uptime: 0 days 7:07 hours
Hyper-V role detected

CPU: total 8 (initial active 8) (4 cores per cpu, 2 threads per core) family 6 model 140 stepping 2 microcode 0x38, cx8, cmov, fxsr, ht, mmx, 3dnowpref, sse, sse2, sse3, ssse3, sse4.1, sse4.2, popcnt, lzcnt, tsc, tscinvbit, avx, avx2, aes, erms, clmul, bmi1, bmi2, adx, avx512f, avx512dq, avx512cd, avx512bw, avx512vl, sha, fma, vzeroupper, avx512_vpopcntdq, avx512_vpclmulqdq, avx512_vaes, avx512_vnni, clflush, clflushopt, clwb, avx512_vbmi2, avx512_vbmi, hv

Memory: 4k page, system-wide physical 16122M (1540M free)
TotalPageFile size 21716M (AvailPageFile size 189M)
current process WorkingSet (physical memory assigned to process): 12M, peak: 12M
current process commit charge ("private bytes"): 60M, peak: 312M

vm_info: Java HotSpot(TM) 64-Bit Server VM (17.0.12+8-LTS-286) for windows-amd64 JRE (17.0.12+8-LTS-286), built on Jun  5 2024 06:46:59 by "mach5one" with MS VC++ 17.6 (VS2022)

END.
